[2024-05-14T03:37:33.169+0000] {processor.py:161} INFO - Started process (PID=15298) to work on /opt/airflow/dags/paralelo_serie_dag.py
[2024-05-14T03:37:33.170+0000] {processor.py:830} INFO - Processing file /opt/airflow/dags/paralelo_serie_dag.py for tasks to queue
[2024-05-14T03:37:33.171+0000] {logging_mixin.py:188} INFO - [2024-05-14T03:37:33.171+0000] {dagbag.py:540} INFO - Filling up the DagBag from /opt/airflow/dags/paralelo_serie_dag.py
[2024-05-14T03:37:33.194+0000] {processor.py:840} INFO - DAG(s) 'TAREAS_EN_PARALELO_Y_EN_SERIE' retrieved from /opt/airflow/dags/paralelo_serie_dag.py
[2024-05-14T03:37:33.299+0000] {logging_mixin.py:188} INFO - [2024-05-14T03:37:33.298+0000] {override.py:1829} INFO - Created Permission View: can delete on DAG:TAREAS_EN_PARALELO_Y_EN_SERIE
[2024-05-14T03:37:33.309+0000] {logging_mixin.py:188} INFO - [2024-05-14T03:37:33.309+0000] {override.py:1829} INFO - Created Permission View: can edit on DAG:TAREAS_EN_PARALELO_Y_EN_SERIE
[2024-05-14T03:37:33.315+0000] {logging_mixin.py:188} INFO - [2024-05-14T03:37:33.315+0000] {override.py:1829} INFO - Created Permission View: can read on DAG:TAREAS_EN_PARALELO_Y_EN_SERIE
[2024-05-14T03:37:33.316+0000] {logging_mixin.py:188} INFO - [2024-05-14T03:37:33.316+0000] {dag.py:3096} INFO - Sync 1 DAGs
[2024-05-14T03:37:33.327+0000] {logging_mixin.py:188} INFO - [2024-05-14T03:37:33.326+0000] {dag.py:3118} INFO - Creating ORM DAG for TAREAS_EN_PARALELO_Y_EN_SERIE
[2024-05-14T03:37:33.338+0000] {logging_mixin.py:188} INFO - [2024-05-14T03:37:33.338+0000] {dag.py:3954} INFO - Setting next_dagrun for TAREAS_EN_PARALELO_Y_EN_SERIE to 2024-05-13 19:42:00+00:00, run_after=2024-05-14 19:42:00+00:00
[2024-05-14T03:37:33.357+0000] {processor.py:183} INFO - Processing /opt/airflow/dags/paralelo_serie_dag.py took 0.193 seconds
[2024-05-14T03:38:22.998+0000] {processor.py:161} INFO - Started process (PID=30) to work on /opt/airflow/dags/paralelo_serie_dag.py
[2024-05-14T03:38:23.002+0000] {processor.py:830} INFO - Processing file /opt/airflow/dags/paralelo_serie_dag.py for tasks to queue
[2024-05-14T03:38:23.012+0000] {logging_mixin.py:188} INFO - [2024-05-14T03:38:23.011+0000] {dagbag.py:540} INFO - Filling up the DagBag from /opt/airflow/dags/paralelo_serie_dag.py
[2024-05-14T03:38:23.064+0000] {processor.py:840} INFO - DAG(s) 'TAREAS_EN_PARALELO_Y_EN_SERIE' retrieved from /opt/airflow/dags/paralelo_serie_dag.py
[2024-05-14T03:38:23.343+0000] {logging_mixin.py:188} INFO - [2024-05-14T03:38:23.342+0000] {dag.py:3096} INFO - Sync 1 DAGs
[2024-05-14T03:38:23.376+0000] {logging_mixin.py:188} INFO - [2024-05-14T03:38:23.376+0000] {dag.py:3954} INFO - Setting next_dagrun for TAREAS_EN_PARALELO_Y_EN_SERIE to 2024-05-13 19:42:00+00:00, run_after=2024-05-14 19:42:00+00:00
[2024-05-14T03:38:23.404+0000] {processor.py:183} INFO - Processing /opt/airflow/dags/paralelo_serie_dag.py took 0.436 seconds
[2024-05-14T03:38:54.705+0000] {processor.py:161} INFO - Started process (PID=90) to work on /opt/airflow/dags/paralelo_serie_dag.py
[2024-05-14T03:38:54.707+0000] {processor.py:830} INFO - Processing file /opt/airflow/dags/paralelo_serie_dag.py for tasks to queue
[2024-05-14T03:38:54.719+0000] {logging_mixin.py:188} INFO - [2024-05-14T03:38:54.711+0000] {dagbag.py:540} INFO - Filling up the DagBag from /opt/airflow/dags/paralelo_serie_dag.py
[2024-05-14T03:38:54.762+0000] {processor.py:840} INFO - DAG(s) 'TAREAS_EN_PARALELO_Y_EN_SERIE' retrieved from /opt/airflow/dags/paralelo_serie_dag.py
[2024-05-14T03:38:54.880+0000] {logging_mixin.py:188} INFO - [2024-05-14T03:38:54.879+0000] {dag.py:3096} INFO - Sync 1 DAGs
[2024-05-14T03:38:54.971+0000] {logging_mixin.py:188} INFO - [2024-05-14T03:38:54.971+0000] {dag.py:3954} INFO - Setting next_dagrun for TAREAS_EN_PARALELO_Y_EN_SERIE to 2024-05-13 19:42:00+00:00, run_after=2024-05-14 19:42:00+00:00
[2024-05-14T03:38:55.028+0000] {processor.py:183} INFO - Processing /opt/airflow/dags/paralelo_serie_dag.py took 0.343 seconds
[2024-05-14T03:39:25.854+0000] {processor.py:161} INFO - Started process (PID=150) to work on /opt/airflow/dags/paralelo_serie_dag.py
[2024-05-14T03:39:25.855+0000] {processor.py:830} INFO - Processing file /opt/airflow/dags/paralelo_serie_dag.py for tasks to queue
[2024-05-14T03:39:25.857+0000] {logging_mixin.py:188} INFO - [2024-05-14T03:39:25.857+0000] {dagbag.py:540} INFO - Filling up the DagBag from /opt/airflow/dags/paralelo_serie_dag.py
[2024-05-14T03:39:25.877+0000] {processor.py:840} INFO - DAG(s) 'TAREAS_EN_PARALELO_Y_EN_SERIE' retrieved from /opt/airflow/dags/paralelo_serie_dag.py
[2024-05-14T03:39:25.904+0000] {logging_mixin.py:188} INFO - [2024-05-14T03:39:25.903+0000] {dag.py:3096} INFO - Sync 1 DAGs
[2024-05-14T03:39:25.931+0000] {logging_mixin.py:188} INFO - [2024-05-14T03:39:25.930+0000] {dag.py:3954} INFO - Setting next_dagrun for TAREAS_EN_PARALELO_Y_EN_SERIE to 2024-05-13 19:42:00+00:00, run_after=2024-05-14 19:42:00+00:00
[2024-05-14T03:39:25.962+0000] {processor.py:183} INFO - Processing /opt/airflow/dags/paralelo_serie_dag.py took 0.116 seconds
[2024-05-14T03:39:56.247+0000] {processor.py:161} INFO - Started process (PID=218) to work on /opt/airflow/dags/paralelo_serie_dag.py
[2024-05-14T03:39:56.248+0000] {processor.py:830} INFO - Processing file /opt/airflow/dags/paralelo_serie_dag.py for tasks to queue
[2024-05-14T03:39:56.252+0000] {logging_mixin.py:188} INFO - [2024-05-14T03:39:56.252+0000] {dagbag.py:540} INFO - Filling up the DagBag from /opt/airflow/dags/paralelo_serie_dag.py
[2024-05-14T03:39:56.272+0000] {processor.py:840} INFO - DAG(s) 'TAREAS_EN_PARALELO_Y_EN_SERIE' retrieved from /opt/airflow/dags/paralelo_serie_dag.py
[2024-05-14T03:39:56.300+0000] {logging_mixin.py:188} INFO - [2024-05-14T03:39:56.300+0000] {dag.py:3096} INFO - Sync 1 DAGs
[2024-05-14T03:39:56.329+0000] {logging_mixin.py:188} INFO - [2024-05-14T03:39:56.329+0000] {dag.py:3954} INFO - Setting next_dagrun for TAREAS_EN_PARALELO_Y_EN_SERIE to 2024-05-13 19:42:00+00:00, run_after=2024-05-14 19:42:00+00:00
[2024-05-14T03:39:56.361+0000] {processor.py:183} INFO - Processing /opt/airflow/dags/paralelo_serie_dag.py took 0.119 seconds
[2024-05-14T03:40:26.415+0000] {processor.py:161} INFO - Started process (PID=278) to work on /opt/airflow/dags/paralelo_serie_dag.py
[2024-05-14T03:40:26.416+0000] {processor.py:830} INFO - Processing file /opt/airflow/dags/paralelo_serie_dag.py for tasks to queue
[2024-05-14T03:40:26.419+0000] {logging_mixin.py:188} INFO - [2024-05-14T03:40:26.418+0000] {dagbag.py:540} INFO - Filling up the DagBag from /opt/airflow/dags/paralelo_serie_dag.py
[2024-05-14T03:40:26.438+0000] {processor.py:840} INFO - DAG(s) 'TAREAS_EN_PARALELO_Y_EN_SERIE' retrieved from /opt/airflow/dags/paralelo_serie_dag.py
[2024-05-14T03:40:26.458+0000] {logging_mixin.py:188} INFO - [2024-05-14T03:40:26.458+0000] {dag.py:3096} INFO - Sync 1 DAGs
[2024-05-14T03:40:26.484+0000] {logging_mixin.py:188} INFO - [2024-05-14T03:40:26.483+0000] {dag.py:3954} INFO - Setting next_dagrun for TAREAS_EN_PARALELO_Y_EN_SERIE to 2024-05-13 19:42:00+00:00, run_after=2024-05-14 19:42:00+00:00
[2024-05-14T03:40:26.504+0000] {processor.py:183} INFO - Processing /opt/airflow/dags/paralelo_serie_dag.py took 0.096 seconds
[2024-05-14T03:40:56.552+0000] {processor.py:161} INFO - Started process (PID=339) to work on /opt/airflow/dags/paralelo_serie_dag.py
[2024-05-14T03:40:56.553+0000] {processor.py:830} INFO - Processing file /opt/airflow/dags/paralelo_serie_dag.py for tasks to queue
[2024-05-14T03:40:56.555+0000] {logging_mixin.py:188} INFO - [2024-05-14T03:40:56.555+0000] {dagbag.py:540} INFO - Filling up the DagBag from /opt/airflow/dags/paralelo_serie_dag.py
[2024-05-14T03:40:56.571+0000] {processor.py:840} INFO - DAG(s) 'TAREAS_EN_PARALELO_Y_EN_SERIE' retrieved from /opt/airflow/dags/paralelo_serie_dag.py
[2024-05-14T03:40:56.591+0000] {logging_mixin.py:188} INFO - [2024-05-14T03:40:56.591+0000] {dag.py:3096} INFO - Sync 1 DAGs
[2024-05-14T03:40:56.614+0000] {logging_mixin.py:188} INFO - [2024-05-14T03:40:56.614+0000] {dag.py:3954} INFO - Setting next_dagrun for TAREAS_EN_PARALELO_Y_EN_SERIE to 2024-05-13 19:42:00+00:00, run_after=2024-05-14 19:42:00+00:00
[2024-05-14T03:40:56.631+0000] {processor.py:183} INFO - Processing /opt/airflow/dags/paralelo_serie_dag.py took 0.084 seconds
[2024-05-14T03:41:27.003+0000] {processor.py:161} INFO - Started process (PID=399) to work on /opt/airflow/dags/paralelo_serie_dag.py
[2024-05-14T03:41:27.004+0000] {processor.py:830} INFO - Processing file /opt/airflow/dags/paralelo_serie_dag.py for tasks to queue
[2024-05-14T03:41:27.005+0000] {logging_mixin.py:188} INFO - [2024-05-14T03:41:27.005+0000] {dagbag.py:540} INFO - Filling up the DagBag from /opt/airflow/dags/paralelo_serie_dag.py
[2024-05-14T03:41:27.020+0000] {processor.py:840} INFO - DAG(s) 'TAREAS_EN_PARALELO_Y_EN_SERIE' retrieved from /opt/airflow/dags/paralelo_serie_dag.py
[2024-05-14T03:41:27.039+0000] {logging_mixin.py:188} INFO - [2024-05-14T03:41:27.039+0000] {dag.py:3096} INFO - Sync 1 DAGs
[2024-05-14T03:41:27.061+0000] {logging_mixin.py:188} INFO - [2024-05-14T03:41:27.060+0000] {dag.py:3954} INFO - Setting next_dagrun for TAREAS_EN_PARALELO_Y_EN_SERIE to 2024-05-13 19:42:00+00:00, run_after=2024-05-14 19:42:00+00:00
[2024-05-14T03:41:27.080+0000] {processor.py:183} INFO - Processing /opt/airflow/dags/paralelo_serie_dag.py took 0.081 seconds
[2024-05-14T03:41:57.304+0000] {processor.py:161} INFO - Started process (PID=459) to work on /opt/airflow/dags/paralelo_serie_dag.py
[2024-05-14T03:41:57.305+0000] {processor.py:830} INFO - Processing file /opt/airflow/dags/paralelo_serie_dag.py for tasks to queue
[2024-05-14T03:41:57.307+0000] {logging_mixin.py:188} INFO - [2024-05-14T03:41:57.307+0000] {dagbag.py:540} INFO - Filling up the DagBag from /opt/airflow/dags/paralelo_serie_dag.py
[2024-05-14T03:41:57.333+0000] {processor.py:840} INFO - DAG(s) 'TAREAS_EN_PARALELO_Y_EN_SERIE' retrieved from /opt/airflow/dags/paralelo_serie_dag.py
[2024-05-14T03:41:57.366+0000] {logging_mixin.py:188} INFO - [2024-05-14T03:41:57.366+0000] {dag.py:3096} INFO - Sync 1 DAGs
[2024-05-14T03:41:57.406+0000] {logging_mixin.py:188} INFO - [2024-05-14T03:41:57.405+0000] {dag.py:3954} INFO - Setting next_dagrun for TAREAS_EN_PARALELO_Y_EN_SERIE to 2024-05-13 19:42:00+00:00, run_after=2024-05-14 19:42:00+00:00
[2024-05-14T03:41:57.441+0000] {processor.py:183} INFO - Processing /opt/airflow/dags/paralelo_serie_dag.py took 0.145 seconds
[2024-05-14T03:42:27.854+0000] {processor.py:161} INFO - Started process (PID=519) to work on /opt/airflow/dags/paralelo_serie_dag.py
[2024-05-14T03:42:27.855+0000] {processor.py:830} INFO - Processing file /opt/airflow/dags/paralelo_serie_dag.py for tasks to queue
[2024-05-14T03:42:27.857+0000] {logging_mixin.py:188} INFO - [2024-05-14T03:42:27.857+0000] {dagbag.py:540} INFO - Filling up the DagBag from /opt/airflow/dags/paralelo_serie_dag.py
[2024-05-14T03:42:27.876+0000] {processor.py:840} INFO - DAG(s) 'TAREAS_EN_PARALELO_Y_EN_SERIE' retrieved from /opt/airflow/dags/paralelo_serie_dag.py
[2024-05-14T03:42:27.897+0000] {logging_mixin.py:188} INFO - [2024-05-14T03:42:27.896+0000] {dag.py:3096} INFO - Sync 1 DAGs
[2024-05-14T03:42:27.924+0000] {logging_mixin.py:188} INFO - [2024-05-14T03:42:27.924+0000] {dag.py:3954} INFO - Setting next_dagrun for TAREAS_EN_PARALELO_Y_EN_SERIE to 2024-05-13 19:42:00+00:00, run_after=2024-05-14 19:42:00+00:00
[2024-05-14T03:42:27.948+0000] {processor.py:183} INFO - Processing /opt/airflow/dags/paralelo_serie_dag.py took 0.100 seconds
[2024-05-14T03:42:58.089+0000] {processor.py:161} INFO - Started process (PID=579) to work on /opt/airflow/dags/paralelo_serie_dag.py
[2024-05-14T03:42:58.090+0000] {processor.py:830} INFO - Processing file /opt/airflow/dags/paralelo_serie_dag.py for tasks to queue
[2024-05-14T03:42:58.093+0000] {logging_mixin.py:188} INFO - [2024-05-14T03:42:58.092+0000] {dagbag.py:540} INFO - Filling up the DagBag from /opt/airflow/dags/paralelo_serie_dag.py
[2024-05-14T03:42:58.112+0000] {processor.py:840} INFO - DAG(s) 'TAREAS_EN_PARALELO_Y_EN_SERIE' retrieved from /opt/airflow/dags/paralelo_serie_dag.py
[2024-05-14T03:42:58.133+0000] {logging_mixin.py:188} INFO - [2024-05-14T03:42:58.133+0000] {dag.py:3096} INFO - Sync 1 DAGs
[2024-05-14T03:42:58.159+0000] {logging_mixin.py:188} INFO - [2024-05-14T03:42:58.159+0000] {dag.py:3954} INFO - Setting next_dagrun for TAREAS_EN_PARALELO_Y_EN_SERIE to 2024-05-13 19:42:00+00:00, run_after=2024-05-14 19:42:00+00:00
[2024-05-14T03:42:58.181+0000] {processor.py:183} INFO - Processing /opt/airflow/dags/paralelo_serie_dag.py took 0.097 seconds
[2024-05-14T03:43:28.672+0000] {processor.py:161} INFO - Started process (PID=639) to work on /opt/airflow/dags/paralelo_serie_dag.py
[2024-05-14T03:43:28.675+0000] {processor.py:830} INFO - Processing file /opt/airflow/dags/paralelo_serie_dag.py for tasks to queue
[2024-05-14T03:43:28.678+0000] {logging_mixin.py:188} INFO - [2024-05-14T03:43:28.678+0000] {dagbag.py:540} INFO - Filling up the DagBag from /opt/airflow/dags/paralelo_serie_dag.py
[2024-05-14T03:43:28.697+0000] {processor.py:840} INFO - DAG(s) 'TAREAS_EN_PARALELO_Y_EN_SERIE' retrieved from /opt/airflow/dags/paralelo_serie_dag.py
[2024-05-14T03:43:28.719+0000] {logging_mixin.py:188} INFO - [2024-05-14T03:43:28.719+0000] {dag.py:3096} INFO - Sync 1 DAGs
[2024-05-14T03:43:28.745+0000] {logging_mixin.py:188} INFO - [2024-05-14T03:43:28.745+0000] {dag.py:3954} INFO - Setting next_dagrun for TAREAS_EN_PARALELO_Y_EN_SERIE to 2024-05-13 19:42:00+00:00, run_after=2024-05-14 19:42:00+00:00
[2024-05-14T03:43:28.777+0000] {processor.py:183} INFO - Processing /opt/airflow/dags/paralelo_serie_dag.py took 0.110 seconds
[2024-05-14T03:43:59.204+0000] {processor.py:161} INFO - Started process (PID=699) to work on /opt/airflow/dags/paralelo_serie_dag.py
[2024-05-14T03:43:59.205+0000] {processor.py:830} INFO - Processing file /opt/airflow/dags/paralelo_serie_dag.py for tasks to queue
[2024-05-14T03:43:59.206+0000] {logging_mixin.py:188} INFO - [2024-05-14T03:43:59.206+0000] {dagbag.py:540} INFO - Filling up the DagBag from /opt/airflow/dags/paralelo_serie_dag.py
[2024-05-14T03:43:59.223+0000] {processor.py:840} INFO - DAG(s) 'TAREAS_EN_PARALELO_Y_EN_SERIE' retrieved from /opt/airflow/dags/paralelo_serie_dag.py
[2024-05-14T03:43:59.241+0000] {logging_mixin.py:188} INFO - [2024-05-14T03:43:59.241+0000] {dag.py:3096} INFO - Sync 1 DAGs
[2024-05-14T03:43:59.262+0000] {logging_mixin.py:188} INFO - [2024-05-14T03:43:59.261+0000] {dag.py:3954} INFO - Setting next_dagrun for TAREAS_EN_PARALELO_Y_EN_SERIE to 2024-05-13 19:42:00+00:00, run_after=2024-05-14 19:42:00+00:00
[2024-05-14T03:43:59.280+0000] {processor.py:183} INFO - Processing /opt/airflow/dags/paralelo_serie_dag.py took 0.081 seconds
[2024-05-14T03:44:29.663+0000] {processor.py:161} INFO - Started process (PID=759) to work on /opt/airflow/dags/paralelo_serie_dag.py
[2024-05-14T03:44:29.664+0000] {processor.py:830} INFO - Processing file /opt/airflow/dags/paralelo_serie_dag.py for tasks to queue
[2024-05-14T03:44:29.666+0000] {logging_mixin.py:188} INFO - [2024-05-14T03:44:29.665+0000] {dagbag.py:540} INFO - Filling up the DagBag from /opt/airflow/dags/paralelo_serie_dag.py
[2024-05-14T03:44:29.681+0000] {processor.py:840} INFO - DAG(s) 'TAREAS_EN_PARALELO_Y_EN_SERIE' retrieved from /opt/airflow/dags/paralelo_serie_dag.py
[2024-05-14T03:44:29.701+0000] {logging_mixin.py:188} INFO - [2024-05-14T03:44:29.700+0000] {dag.py:3096} INFO - Sync 1 DAGs
[2024-05-14T03:44:29.723+0000] {logging_mixin.py:188} INFO - [2024-05-14T03:44:29.723+0000] {dag.py:3954} INFO - Setting next_dagrun for TAREAS_EN_PARALELO_Y_EN_SERIE to 2024-05-13 19:42:00+00:00, run_after=2024-05-14 19:42:00+00:00
[2024-05-14T03:44:29.744+0000] {processor.py:183} INFO - Processing /opt/airflow/dags/paralelo_serie_dag.py took 0.085 seconds
[2024-05-14T03:44:59.823+0000] {processor.py:161} INFO - Started process (PID=819) to work on /opt/airflow/dags/paralelo_serie_dag.py
[2024-05-14T03:44:59.823+0000] {processor.py:830} INFO - Processing file /opt/airflow/dags/paralelo_serie_dag.py for tasks to queue
[2024-05-14T03:44:59.825+0000] {logging_mixin.py:188} INFO - [2024-05-14T03:44:59.825+0000] {dagbag.py:540} INFO - Filling up the DagBag from /opt/airflow/dags/paralelo_serie_dag.py
[2024-05-14T03:44:59.839+0000] {processor.py:840} INFO - DAG(s) 'TAREAS_EN_PARALELO_Y_EN_SERIE' retrieved from /opt/airflow/dags/paralelo_serie_dag.py
[2024-05-14T03:44:59.856+0000] {logging_mixin.py:188} INFO - [2024-05-14T03:44:59.856+0000] {dag.py:3096} INFO - Sync 1 DAGs
[2024-05-14T03:44:59.876+0000] {logging_mixin.py:188} INFO - [2024-05-14T03:44:59.876+0000] {dag.py:3954} INFO - Setting next_dagrun for TAREAS_EN_PARALELO_Y_EN_SERIE to 2024-05-13 19:42:00+00:00, run_after=2024-05-14 19:42:00+00:00
[2024-05-14T03:44:59.894+0000] {processor.py:183} INFO - Processing /opt/airflow/dags/paralelo_serie_dag.py took 0.076 seconds
[2024-05-14T03:45:30.012+0000] {processor.py:161} INFO - Started process (PID=885) to work on /opt/airflow/dags/paralelo_serie_dag.py
[2024-05-14T03:45:30.013+0000] {processor.py:830} INFO - Processing file /opt/airflow/dags/paralelo_serie_dag.py for tasks to queue
[2024-05-14T03:45:30.015+0000] {logging_mixin.py:188} INFO - [2024-05-14T03:45:30.014+0000] {dagbag.py:540} INFO - Filling up the DagBag from /opt/airflow/dags/paralelo_serie_dag.py
[2024-05-14T03:45:30.029+0000] {processor.py:840} INFO - DAG(s) 'TAREAS_EN_PARALELO_Y_EN_SERIE' retrieved from /opt/airflow/dags/paralelo_serie_dag.py
[2024-05-14T03:45:30.047+0000] {logging_mixin.py:188} INFO - [2024-05-14T03:45:30.047+0000] {dag.py:3096} INFO - Sync 1 DAGs
[2024-05-14T03:45:30.069+0000] {logging_mixin.py:188} INFO - [2024-05-14T03:45:30.068+0000] {dag.py:3954} INFO - Setting next_dagrun for TAREAS_EN_PARALELO_Y_EN_SERIE to 2024-05-13 19:42:00+00:00, run_after=2024-05-14 19:42:00+00:00
[2024-05-14T03:45:30.092+0000] {processor.py:183} INFO - Processing /opt/airflow/dags/paralelo_serie_dag.py took 0.085 seconds
[2024-05-14T03:46:00.361+0000] {processor.py:161} INFO - Started process (PID=945) to work on /opt/airflow/dags/paralelo_serie_dag.py
[2024-05-14T03:46:00.362+0000] {processor.py:830} INFO - Processing file /opt/airflow/dags/paralelo_serie_dag.py for tasks to queue
[2024-05-14T03:46:00.363+0000] {logging_mixin.py:188} INFO - [2024-05-14T03:46:00.363+0000] {dagbag.py:540} INFO - Filling up the DagBag from /opt/airflow/dags/paralelo_serie_dag.py
[2024-05-14T03:46:00.378+0000] {processor.py:840} INFO - DAG(s) 'TAREAS_EN_PARALELO_Y_EN_SERIE' retrieved from /opt/airflow/dags/paralelo_serie_dag.py
[2024-05-14T03:46:00.397+0000] {logging_mixin.py:188} INFO - [2024-05-14T03:46:00.396+0000] {dag.py:3096} INFO - Sync 1 DAGs
[2024-05-14T03:46:00.417+0000] {logging_mixin.py:188} INFO - [2024-05-14T03:46:00.417+0000] {dag.py:3954} INFO - Setting next_dagrun for TAREAS_EN_PARALELO_Y_EN_SERIE to 2024-05-13 19:42:00+00:00, run_after=2024-05-14 19:42:00+00:00
[2024-05-14T03:46:00.441+0000] {processor.py:183} INFO - Processing /opt/airflow/dags/paralelo_serie_dag.py took 0.085 seconds
[2024-05-14T03:46:30.810+0000] {processor.py:161} INFO - Started process (PID=1005) to work on /opt/airflow/dags/paralelo_serie_dag.py
[2024-05-14T03:46:30.811+0000] {processor.py:830} INFO - Processing file /opt/airflow/dags/paralelo_serie_dag.py for tasks to queue
[2024-05-14T03:46:30.813+0000] {logging_mixin.py:188} INFO - [2024-05-14T03:46:30.813+0000] {dagbag.py:540} INFO - Filling up the DagBag from /opt/airflow/dags/paralelo_serie_dag.py
[2024-05-14T03:46:30.831+0000] {processor.py:840} INFO - DAG(s) 'TAREAS_EN_PARALELO_Y_EN_SERIE' retrieved from /opt/airflow/dags/paralelo_serie_dag.py
[2024-05-14T03:46:30.852+0000] {logging_mixin.py:188} INFO - [2024-05-14T03:46:30.852+0000] {dag.py:3096} INFO - Sync 1 DAGs
[2024-05-14T03:46:30.878+0000] {logging_mixin.py:188} INFO - [2024-05-14T03:46:30.878+0000] {dag.py:3954} INFO - Setting next_dagrun for TAREAS_EN_PARALELO_Y_EN_SERIE to 2024-05-13 19:42:00+00:00, run_after=2024-05-14 19:42:00+00:00
[2024-05-14T03:46:31.051+0000] {processor.py:183} INFO - Processing /opt/airflow/dags/paralelo_serie_dag.py took 0.245 seconds
[2024-05-14T03:47:01.398+0000] {processor.py:161} INFO - Started process (PID=1065) to work on /opt/airflow/dags/paralelo_serie_dag.py
[2024-05-14T03:47:01.399+0000] {processor.py:830} INFO - Processing file /opt/airflow/dags/paralelo_serie_dag.py for tasks to queue
[2024-05-14T03:47:01.400+0000] {logging_mixin.py:188} INFO - [2024-05-14T03:47:01.400+0000] {dagbag.py:540} INFO - Filling up the DagBag from /opt/airflow/dags/paralelo_serie_dag.py
[2024-05-14T03:47:01.416+0000] {processor.py:840} INFO - DAG(s) 'TAREAS_EN_PARALELO_Y_EN_SERIE' retrieved from /opt/airflow/dags/paralelo_serie_dag.py
[2024-05-14T03:47:01.435+0000] {logging_mixin.py:188} INFO - [2024-05-14T03:47:01.434+0000] {dag.py:3096} INFO - Sync 1 DAGs
[2024-05-14T03:47:01.458+0000] {logging_mixin.py:188} INFO - [2024-05-14T03:47:01.458+0000] {dag.py:3954} INFO - Setting next_dagrun for TAREAS_EN_PARALELO_Y_EN_SERIE to 2024-05-13 19:42:00+00:00, run_after=2024-05-14 19:42:00+00:00
[2024-05-14T03:47:01.486+0000] {processor.py:183} INFO - Processing /opt/airflow/dags/paralelo_serie_dag.py took 0.094 seconds
[2024-05-14T03:47:31.784+0000] {processor.py:161} INFO - Started process (PID=1125) to work on /opt/airflow/dags/paralelo_serie_dag.py
[2024-05-14T03:47:31.785+0000] {processor.py:830} INFO - Processing file /opt/airflow/dags/paralelo_serie_dag.py for tasks to queue
[2024-05-14T03:47:31.788+0000] {logging_mixin.py:188} INFO - [2024-05-14T03:47:31.787+0000] {dagbag.py:540} INFO - Filling up the DagBag from /opt/airflow/dags/paralelo_serie_dag.py
[2024-05-14T03:47:31.813+0000] {processor.py:840} INFO - DAG(s) 'TAREAS_EN_PARALELO_Y_EN_SERIE' retrieved from /opt/airflow/dags/paralelo_serie_dag.py
[2024-05-14T03:47:31.847+0000] {logging_mixin.py:188} INFO - [2024-05-14T03:47:31.847+0000] {dag.py:3096} INFO - Sync 1 DAGs
[2024-05-14T03:47:31.901+0000] {logging_mixin.py:188} INFO - [2024-05-14T03:47:31.900+0000] {dag.py:3954} INFO - Setting next_dagrun for TAREAS_EN_PARALELO_Y_EN_SERIE to 2024-05-13 19:42:00+00:00, run_after=2024-05-14 19:42:00+00:00
[2024-05-14T03:47:31.933+0000] {processor.py:183} INFO - Processing /opt/airflow/dags/paralelo_serie_dag.py took 0.155 seconds
[2024-05-14T03:48:02.373+0000] {processor.py:161} INFO - Started process (PID=1185) to work on /opt/airflow/dags/paralelo_serie_dag.py
[2024-05-14T03:48:02.374+0000] {processor.py:830} INFO - Processing file /opt/airflow/dags/paralelo_serie_dag.py for tasks to queue
[2024-05-14T03:48:02.376+0000] {logging_mixin.py:188} INFO - [2024-05-14T03:48:02.375+0000] {dagbag.py:540} INFO - Filling up the DagBag from /opt/airflow/dags/paralelo_serie_dag.py
[2024-05-14T03:48:02.397+0000] {processor.py:840} INFO - DAG(s) 'TAREAS_EN_PARALELO_Y_EN_SERIE' retrieved from /opt/airflow/dags/paralelo_serie_dag.py
[2024-05-14T03:48:02.569+0000] {logging_mixin.py:188} INFO - [2024-05-14T03:48:02.569+0000] {dag.py:3096} INFO - Sync 1 DAGs
[2024-05-14T03:48:02.596+0000] {logging_mixin.py:188} INFO - [2024-05-14T03:48:02.596+0000] {dag.py:3954} INFO - Setting next_dagrun for TAREAS_EN_PARALELO_Y_EN_SERIE to 2024-05-13 19:42:00+00:00, run_after=2024-05-14 19:42:00+00:00
[2024-05-14T03:48:02.616+0000] {processor.py:183} INFO - Processing /opt/airflow/dags/paralelo_serie_dag.py took 0.249 seconds
[2024-05-14T03:48:32.712+0000] {processor.py:161} INFO - Started process (PID=1245) to work on /opt/airflow/dags/paralelo_serie_dag.py
[2024-05-14T03:48:32.713+0000] {processor.py:830} INFO - Processing file /opt/airflow/dags/paralelo_serie_dag.py for tasks to queue
[2024-05-14T03:48:32.715+0000] {logging_mixin.py:188} INFO - [2024-05-14T03:48:32.715+0000] {dagbag.py:540} INFO - Filling up the DagBag from /opt/airflow/dags/paralelo_serie_dag.py
[2024-05-14T03:48:32.733+0000] {processor.py:840} INFO - DAG(s) 'TAREAS_EN_PARALELO_Y_EN_SERIE' retrieved from /opt/airflow/dags/paralelo_serie_dag.py
[2024-05-14T03:48:32.755+0000] {logging_mixin.py:188} INFO - [2024-05-14T03:48:32.755+0000] {dag.py:3096} INFO - Sync 1 DAGs
[2024-05-14T03:48:32.777+0000] {logging_mixin.py:188} INFO - [2024-05-14T03:48:32.776+0000] {dag.py:3954} INFO - Setting next_dagrun for TAREAS_EN_PARALELO_Y_EN_SERIE to 2024-05-13 19:42:00+00:00, run_after=2024-05-14 19:42:00+00:00
[2024-05-14T03:48:32.797+0000] {processor.py:183} INFO - Processing /opt/airflow/dags/paralelo_serie_dag.py took 0.090 seconds
[2024-05-14T03:49:02.865+0000] {processor.py:161} INFO - Started process (PID=1305) to work on /opt/airflow/dags/paralelo_serie_dag.py
[2024-05-14T03:49:02.866+0000] {processor.py:830} INFO - Processing file /opt/airflow/dags/paralelo_serie_dag.py for tasks to queue
[2024-05-14T03:49:02.876+0000] {logging_mixin.py:188} INFO - [2024-05-14T03:49:02.870+0000] {dagbag.py:540} INFO - Filling up the DagBag from /opt/airflow/dags/paralelo_serie_dag.py
[2024-05-14T03:49:02.908+0000] {processor.py:840} INFO - DAG(s) 'TAREAS_EN_PARALELO_Y_EN_SERIE' retrieved from /opt/airflow/dags/paralelo_serie_dag.py
[2024-05-14T03:49:02.946+0000] {logging_mixin.py:188} INFO - [2024-05-14T03:49:02.945+0000] {dag.py:3096} INFO - Sync 1 DAGs
[2024-05-14T03:49:02.992+0000] {logging_mixin.py:188} INFO - [2024-05-14T03:49:02.992+0000] {dag.py:3954} INFO - Setting next_dagrun for TAREAS_EN_PARALELO_Y_EN_SERIE to 2024-05-13 19:42:00+00:00, run_after=2024-05-14 19:42:00+00:00
[2024-05-14T03:49:03.031+0000] {processor.py:183} INFO - Processing /opt/airflow/dags/paralelo_serie_dag.py took 0.174 seconds
[2024-05-14T03:49:33.779+0000] {processor.py:161} INFO - Started process (PID=1365) to work on /opt/airflow/dags/paralelo_serie_dag.py
[2024-05-14T03:49:33.780+0000] {processor.py:830} INFO - Processing file /opt/airflow/dags/paralelo_serie_dag.py for tasks to queue
[2024-05-14T03:49:33.783+0000] {logging_mixin.py:188} INFO - [2024-05-14T03:49:33.783+0000] {dagbag.py:540} INFO - Filling up the DagBag from /opt/airflow/dags/paralelo_serie_dag.py
[2024-05-14T03:49:33.807+0000] {processor.py:840} INFO - DAG(s) 'TAREAS_EN_PARALELO_Y_EN_SERIE' retrieved from /opt/airflow/dags/paralelo_serie_dag.py
[2024-05-14T03:49:33.829+0000] {logging_mixin.py:188} INFO - [2024-05-14T03:49:33.829+0000] {dag.py:3096} INFO - Sync 1 DAGs
[2024-05-14T03:49:33.857+0000] {logging_mixin.py:188} INFO - [2024-05-14T03:49:33.857+0000] {dag.py:3954} INFO - Setting next_dagrun for TAREAS_EN_PARALELO_Y_EN_SERIE to 2024-05-13 19:42:00+00:00, run_after=2024-05-14 19:42:00+00:00
[2024-05-14T03:49:33.897+0000] {processor.py:183} INFO - Processing /opt/airflow/dags/paralelo_serie_dag.py took 0.134 seconds
[2024-05-14T03:50:03.979+0000] {processor.py:161} INFO - Started process (PID=1425) to work on /opt/airflow/dags/paralelo_serie_dag.py
[2024-05-14T03:50:03.980+0000] {processor.py:830} INFO - Processing file /opt/airflow/dags/paralelo_serie_dag.py for tasks to queue
[2024-05-14T03:50:03.981+0000] {logging_mixin.py:188} INFO - [2024-05-14T03:50:03.981+0000] {dagbag.py:540} INFO - Filling up the DagBag from /opt/airflow/dags/paralelo_serie_dag.py
[2024-05-14T03:50:03.996+0000] {processor.py:840} INFO - DAG(s) 'TAREAS_EN_PARALELO_Y_EN_SERIE' retrieved from /opt/airflow/dags/paralelo_serie_dag.py
[2024-05-14T03:50:04.015+0000] {logging_mixin.py:188} INFO - [2024-05-14T03:50:04.014+0000] {dag.py:3096} INFO - Sync 1 DAGs
[2024-05-14T03:50:04.036+0000] {logging_mixin.py:188} INFO - [2024-05-14T03:50:04.036+0000] {dag.py:3954} INFO - Setting next_dagrun for TAREAS_EN_PARALELO_Y_EN_SERIE to 2024-05-13 19:42:00+00:00, run_after=2024-05-14 19:42:00+00:00
[2024-05-14T03:50:04.060+0000] {processor.py:183} INFO - Processing /opt/airflow/dags/paralelo_serie_dag.py took 0.086 seconds
[2024-05-14T03:50:34.281+0000] {processor.py:161} INFO - Started process (PID=1485) to work on /opt/airflow/dags/paralelo_serie_dag.py
[2024-05-14T03:50:34.282+0000] {processor.py:830} INFO - Processing file /opt/airflow/dags/paralelo_serie_dag.py for tasks to queue
[2024-05-14T03:50:34.285+0000] {logging_mixin.py:188} INFO - [2024-05-14T03:50:34.284+0000] {dagbag.py:540} INFO - Filling up the DagBag from /opt/airflow/dags/paralelo_serie_dag.py
[2024-05-14T03:50:34.303+0000] {processor.py:840} INFO - DAG(s) 'TAREAS_EN_PARALELO_Y_EN_SERIE' retrieved from /opt/airflow/dags/paralelo_serie_dag.py
[2024-05-14T03:50:34.322+0000] {logging_mixin.py:188} INFO - [2024-05-14T03:50:34.322+0000] {dag.py:3096} INFO - Sync 1 DAGs
[2024-05-14T03:50:34.343+0000] {logging_mixin.py:188} INFO - [2024-05-14T03:50:34.343+0000] {dag.py:3954} INFO - Setting next_dagrun for TAREAS_EN_PARALELO_Y_EN_SERIE to 2024-05-13 19:42:00+00:00, run_after=2024-05-14 19:42:00+00:00
[2024-05-14T03:50:34.366+0000] {processor.py:183} INFO - Processing /opt/airflow/dags/paralelo_serie_dag.py took 0.090 seconds
[2024-05-14T03:51:04.478+0000] {processor.py:161} INFO - Started process (PID=1545) to work on /opt/airflow/dags/paralelo_serie_dag.py
[2024-05-14T03:51:04.479+0000] {processor.py:830} INFO - Processing file /opt/airflow/dags/paralelo_serie_dag.py for tasks to queue
[2024-05-14T03:51:04.480+0000] {logging_mixin.py:188} INFO - [2024-05-14T03:51:04.480+0000] {dagbag.py:540} INFO - Filling up the DagBag from /opt/airflow/dags/paralelo_serie_dag.py
[2024-05-14T03:51:04.496+0000] {processor.py:840} INFO - DAG(s) 'TAREAS_EN_PARALELO_Y_EN_SERIE' retrieved from /opt/airflow/dags/paralelo_serie_dag.py
[2024-05-14T03:51:04.515+0000] {logging_mixin.py:188} INFO - [2024-05-14T03:51:04.514+0000] {dag.py:3096} INFO - Sync 1 DAGs
[2024-05-14T03:51:04.537+0000] {logging_mixin.py:188} INFO - [2024-05-14T03:51:04.537+0000] {dag.py:3954} INFO - Setting next_dagrun for TAREAS_EN_PARALELO_Y_EN_SERIE to 2024-05-13 19:42:00+00:00, run_after=2024-05-14 19:42:00+00:00
[2024-05-14T03:51:04.563+0000] {processor.py:183} INFO - Processing /opt/airflow/dags/paralelo_serie_dag.py took 0.090 seconds
[2024-05-14T03:51:35.042+0000] {processor.py:161} INFO - Started process (PID=1606) to work on /opt/airflow/dags/paralelo_serie_dag.py
[2024-05-14T03:51:35.043+0000] {processor.py:830} INFO - Processing file /opt/airflow/dags/paralelo_serie_dag.py for tasks to queue
[2024-05-14T03:51:35.045+0000] {logging_mixin.py:188} INFO - [2024-05-14T03:51:35.044+0000] {dagbag.py:540} INFO - Filling up the DagBag from /opt/airflow/dags/paralelo_serie_dag.py
[2024-05-14T03:51:35.060+0000] {processor.py:840} INFO - DAG(s) 'TAREAS_EN_PARALELO_Y_EN_SERIE' retrieved from /opt/airflow/dags/paralelo_serie_dag.py
[2024-05-14T03:51:35.079+0000] {logging_mixin.py:188} INFO - [2024-05-14T03:51:35.079+0000] {dag.py:3096} INFO - Sync 1 DAGs
[2024-05-14T03:51:35.102+0000] {logging_mixin.py:188} INFO - [2024-05-14T03:51:35.102+0000] {dag.py:3954} INFO - Setting next_dagrun for TAREAS_EN_PARALELO_Y_EN_SERIE to 2024-05-13 19:42:00+00:00, run_after=2024-05-14 19:42:00+00:00
[2024-05-14T03:51:35.127+0000] {processor.py:183} INFO - Processing /opt/airflow/dags/paralelo_serie_dag.py took 0.090 seconds
[2024-05-14T03:52:05.402+0000] {processor.py:161} INFO - Started process (PID=1666) to work on /opt/airflow/dags/paralelo_serie_dag.py
[2024-05-14T03:52:05.403+0000] {processor.py:830} INFO - Processing file /opt/airflow/dags/paralelo_serie_dag.py for tasks to queue
[2024-05-14T03:52:05.404+0000] {logging_mixin.py:188} INFO - [2024-05-14T03:52:05.404+0000] {dagbag.py:540} INFO - Filling up the DagBag from /opt/airflow/dags/paralelo_serie_dag.py
[2024-05-14T03:52:05.419+0000] {processor.py:840} INFO - DAG(s) 'TAREAS_EN_PARALELO_Y_EN_SERIE' retrieved from /opt/airflow/dags/paralelo_serie_dag.py
[2024-05-14T03:52:05.437+0000] {logging_mixin.py:188} INFO - [2024-05-14T03:52:05.437+0000] {dag.py:3096} INFO - Sync 1 DAGs
[2024-05-14T03:52:05.460+0000] {logging_mixin.py:188} INFO - [2024-05-14T03:52:05.460+0000] {dag.py:3954} INFO - Setting next_dagrun for TAREAS_EN_PARALELO_Y_EN_SERIE to 2024-05-13 19:42:00+00:00, run_after=2024-05-14 19:42:00+00:00
[2024-05-14T03:52:05.484+0000] {processor.py:183} INFO - Processing /opt/airflow/dags/paralelo_serie_dag.py took 0.087 seconds
[2024-05-14T03:52:35.852+0000] {processor.py:161} INFO - Started process (PID=1726) to work on /opt/airflow/dags/paralelo_serie_dag.py
[2024-05-14T03:52:35.853+0000] {processor.py:830} INFO - Processing file /opt/airflow/dags/paralelo_serie_dag.py for tasks to queue
[2024-05-14T03:52:35.854+0000] {logging_mixin.py:188} INFO - [2024-05-14T03:52:35.854+0000] {dagbag.py:540} INFO - Filling up the DagBag from /opt/airflow/dags/paralelo_serie_dag.py
[2024-05-14T03:52:35.869+0000] {processor.py:840} INFO - DAG(s) 'TAREAS_EN_PARALELO_Y_EN_SERIE' retrieved from /opt/airflow/dags/paralelo_serie_dag.py
[2024-05-14T03:52:35.890+0000] {logging_mixin.py:188} INFO - [2024-05-14T03:52:35.890+0000] {dag.py:3096} INFO - Sync 1 DAGs
[2024-05-14T03:52:35.915+0000] {logging_mixin.py:188} INFO - [2024-05-14T03:52:35.914+0000] {dag.py:3954} INFO - Setting next_dagrun for TAREAS_EN_PARALELO_Y_EN_SERIE to 2024-05-13 19:42:00+00:00, run_after=2024-05-14 19:42:00+00:00
[2024-05-14T03:52:35.935+0000] {processor.py:183} INFO - Processing /opt/airflow/dags/paralelo_serie_dag.py took 0.088 seconds
[2024-05-14T03:53:06.469+0000] {processor.py:161} INFO - Started process (PID=1786) to work on /opt/airflow/dags/paralelo_serie_dag.py
[2024-05-14T03:53:06.470+0000] {processor.py:830} INFO - Processing file /opt/airflow/dags/paralelo_serie_dag.py for tasks to queue
[2024-05-14T03:53:06.472+0000] {logging_mixin.py:188} INFO - [2024-05-14T03:53:06.471+0000] {dagbag.py:540} INFO - Filling up the DagBag from /opt/airflow/dags/paralelo_serie_dag.py
[2024-05-14T03:53:06.487+0000] {processor.py:840} INFO - DAG(s) 'TAREAS_EN_PARALELO_Y_EN_SERIE' retrieved from /opt/airflow/dags/paralelo_serie_dag.py
[2024-05-14T03:53:06.504+0000] {logging_mixin.py:188} INFO - [2024-05-14T03:53:06.504+0000] {dag.py:3096} INFO - Sync 1 DAGs
[2024-05-14T03:53:06.525+0000] {logging_mixin.py:188} INFO - [2024-05-14T03:53:06.525+0000] {dag.py:3954} INFO - Setting next_dagrun for TAREAS_EN_PARALELO_Y_EN_SERIE to 2024-05-13 19:42:00+00:00, run_after=2024-05-14 19:42:00+00:00
[2024-05-14T03:53:06.543+0000] {processor.py:183} INFO - Processing /opt/airflow/dags/paralelo_serie_dag.py took 0.079 seconds
[2024-05-14T03:53:36.825+0000] {processor.py:161} INFO - Started process (PID=1846) to work on /opt/airflow/dags/paralelo_serie_dag.py
[2024-05-14T03:53:36.826+0000] {processor.py:830} INFO - Processing file /opt/airflow/dags/paralelo_serie_dag.py for tasks to queue
[2024-05-14T03:53:36.827+0000] {logging_mixin.py:188} INFO - [2024-05-14T03:53:36.827+0000] {dagbag.py:540} INFO - Filling up the DagBag from /opt/airflow/dags/paralelo_serie_dag.py
[2024-05-14T03:53:36.842+0000] {processor.py:840} INFO - DAG(s) 'TAREAS_EN_PARALELO_Y_EN_SERIE' retrieved from /opt/airflow/dags/paralelo_serie_dag.py
[2024-05-14T03:53:36.860+0000] {logging_mixin.py:188} INFO - [2024-05-14T03:53:36.860+0000] {dag.py:3096} INFO - Sync 1 DAGs
[2024-05-14T03:53:36.881+0000] {logging_mixin.py:188} INFO - [2024-05-14T03:53:36.881+0000] {dag.py:3954} INFO - Setting next_dagrun for TAREAS_EN_PARALELO_Y_EN_SERIE to 2024-05-13 19:42:00+00:00, run_after=2024-05-14 19:42:00+00:00
[2024-05-14T03:53:36.901+0000] {processor.py:183} INFO - Processing /opt/airflow/dags/paralelo_serie_dag.py took 0.081 seconds
[2024-05-14T03:54:07.459+0000] {processor.py:161} INFO - Started process (PID=1906) to work on /opt/airflow/dags/paralelo_serie_dag.py
[2024-05-14T03:54:07.460+0000] {processor.py:830} INFO - Processing file /opt/airflow/dags/paralelo_serie_dag.py for tasks to queue
[2024-05-14T03:54:07.464+0000] {logging_mixin.py:188} INFO - [2024-05-14T03:54:07.463+0000] {dagbag.py:540} INFO - Filling up the DagBag from /opt/airflow/dags/paralelo_serie_dag.py
[2024-05-14T03:54:07.489+0000] {processor.py:840} INFO - DAG(s) 'TAREAS_EN_PARALELO_Y_EN_SERIE' retrieved from /opt/airflow/dags/paralelo_serie_dag.py
[2024-05-14T03:54:07.526+0000] {logging_mixin.py:188} INFO - [2024-05-14T03:54:07.525+0000] {dag.py:3096} INFO - Sync 1 DAGs
[2024-05-14T03:54:07.564+0000] {logging_mixin.py:188} INFO - [2024-05-14T03:54:07.564+0000] {dag.py:3954} INFO - Setting next_dagrun for TAREAS_EN_PARALELO_Y_EN_SERIE to 2024-05-13 19:42:00+00:00, run_after=2024-05-14 19:42:00+00:00
[2024-05-14T03:54:07.594+0000] {processor.py:183} INFO - Processing /opt/airflow/dags/paralelo_serie_dag.py took 0.143 seconds
[2024-05-14T03:54:37.635+0000] {processor.py:161} INFO - Started process (PID=1966) to work on /opt/airflow/dags/paralelo_serie_dag.py
[2024-05-14T03:54:37.636+0000] {processor.py:830} INFO - Processing file /opt/airflow/dags/paralelo_serie_dag.py for tasks to queue
[2024-05-14T03:54:37.637+0000] {logging_mixin.py:188} INFO - [2024-05-14T03:54:37.637+0000] {dagbag.py:540} INFO - Filling up the DagBag from /opt/airflow/dags/paralelo_serie_dag.py
[2024-05-14T03:54:37.653+0000] {processor.py:840} INFO - DAG(s) 'TAREAS_EN_PARALELO_Y_EN_SERIE' retrieved from /opt/airflow/dags/paralelo_serie_dag.py
[2024-05-14T03:54:37.672+0000] {logging_mixin.py:188} INFO - [2024-05-14T03:54:37.672+0000] {dag.py:3096} INFO - Sync 1 DAGs
[2024-05-14T03:54:37.695+0000] {logging_mixin.py:188} INFO - [2024-05-14T03:54:37.695+0000] {dag.py:3954} INFO - Setting next_dagrun for TAREAS_EN_PARALELO_Y_EN_SERIE to 2024-05-13 19:42:00+00:00, run_after=2024-05-14 19:42:00+00:00
[2024-05-14T03:54:37.721+0000] {processor.py:183} INFO - Processing /opt/airflow/dags/paralelo_serie_dag.py took 0.091 seconds
