[2024-05-14T03:24:16.520+0000] {local_task_job_runner.py:120} INFO - ::group::Pre task execution logs
[2024-05-14T03:24:16.540+0000] {taskinstance.py:2073} INFO - Dependencies all met for dep_context=non-requeueable deps ti=<TaskInstance: MI_PRIMER_DAG.second_task manual__2024-05-14T03:24:12.606078+00:00 [queued]>
[2024-05-14T03:24:16.548+0000] {taskinstance.py:2073} INFO - Dependencies all met for dep_context=requeueable deps ti=<TaskInstance: MI_PRIMER_DAG.second_task manual__2024-05-14T03:24:12.606078+00:00 [queued]>
[2024-05-14T03:24:16.587+0000] {taskinstance.py:2303} INFO - Starting attempt 1 of 5
[2024-05-14T03:24:16.610+0000] {taskinstance.py:2327} INFO - Executing <Task(PythonOperator): second_task> on 2024-05-14 03:24:12.606078+00:00
[2024-05-14T03:24:16.619+0000] {warnings.py:110} WARNING - /home/***/.local/lib/python3.12/site-packages/***/task/task_runner/standard_task_runner.py:61: DeprecationWarning: This process (pid=1549) is multi-threaded, use of fork() may lead to deadlocks in the child.
  pid = os.fork()

[2024-05-14T03:24:16.622+0000] {standard_task_runner.py:63} INFO - Started process 1553 to run task
[2024-05-14T03:24:16.621+0000] {standard_task_runner.py:90} INFO - Running: ['***', 'tasks', 'run', 'MI_PRIMER_DAG', 'second_task', 'manual__2024-05-14T03:24:12.606078+00:00', '--job-id', '9', '--raw', '--subdir', 'DAGS_FOLDER/mi_primer_dag.py', '--cfg-path', '/tmp/tmpqwd51gdk']
[2024-05-14T03:24:16.624+0000] {standard_task_runner.py:91} INFO - Job 9: Subtask second_task
[2024-05-14T03:24:16.665+0000] {task_command.py:426} INFO - Running <TaskInstance: MI_PRIMER_DAG.second_task manual__2024-05-14T03:24:12.606078+00:00 [running]> on host 33978f229c7f
[2024-05-14T03:24:16.758+0000] {taskinstance.py:2644} INFO - Exporting env vars: AIRFLOW_CTX_DAG_OWNER='***' AIRFLOW_CTX_DAG_ID='MI_PRIMER_DAG' AIRFLOW_CTX_TASK_ID='second_task' AIRFLOW_CTX_EXECUTION_DATE='2024-05-14T03:24:12.606078+00:00' AIRFLOW_CTX_TRY_NUMBER='1' AIRFLOW_CTX_DAG_RUN_ID='manual__2024-05-14T03:24:12.606078+00:00'
[2024-05-14T03:24:16.759+0000] {taskinstance.py:430} INFO - ::endgroup::
[2024-05-14T03:24:16.760+0000] {logging_mixin.py:188} INFO - Ejecutando second_task
[2024-05-14T03:24:16.760+0000] {python.py:237} INFO - Done. Returned value was: None
[2024-05-14T03:24:16.761+0000] {taskinstance.py:441} INFO - ::group::Post task execution logs
[2024-05-14T03:24:16.768+0000] {taskinstance.py:1205} INFO - Marking task as SUCCESS. dag_id=MI_PRIMER_DAG, task_id=second_task, execution_date=20240514T032412, start_date=20240514T032416, end_date=20240514T032416
[2024-05-14T03:24:16.795+0000] {local_task_job_runner.py:240} INFO - Task exited with return code 0
[2024-05-14T03:24:16.843+0000] {taskinstance.py:3482} INFO - 0 downstream tasks scheduled from follow-on schedule check
[2024-05-14T03:24:16.845+0000] {local_task_job_runner.py:222} INFO - ::endgroup::
