[2024-05-14T03:25:15.857+0000] {local_task_job_runner.py:120} INFO - ::group::Pre task execution logs
[2024-05-14T03:25:15.889+0000] {taskinstance.py:2073} INFO - Dependencies all met for dep_context=non-requeueable deps ti=<TaskInstance: MI_PRIMER_DAG.first_task manual__2024-05-14T03:25:13.128382+00:00 [queued]>
[2024-05-14T03:25:15.901+0000] {taskinstance.py:2073} INFO - Dependencies all met for dep_context=requeueable deps ti=<TaskInstance: MI_PRIMER_DAG.first_task manual__2024-05-14T03:25:13.128382+00:00 [queued]>
[2024-05-14T03:25:15.902+0000] {taskinstance.py:2303} INFO - Starting attempt 1 of 5
[2024-05-14T03:25:15.919+0000] {taskinstance.py:2327} INFO - Executing <Task(PythonOperator): first_task> on 2024-05-14 03:25:13.128382+00:00
[2024-05-14T03:25:15.927+0000] {warnings.py:110} WARNING - /home/***/.local/lib/python3.12/site-packages/***/task/task_runner/standard_task_runner.py:61: DeprecationWarning: This process (pid=1578) is multi-threaded, use of fork() may lead to deadlocks in the child.
  pid = os.fork()

[2024-05-14T03:25:15.930+0000] {standard_task_runner.py:63} INFO - Started process 1582 to run task
[2024-05-14T03:25:15.928+0000] {standard_task_runner.py:90} INFO - Running: ['***', 'tasks', 'run', 'MI_PRIMER_DAG', 'first_task', 'manual__2024-05-14T03:25:13.128382+00:00', '--job-id', '14', '--raw', '--subdir', 'DAGS_FOLDER/mi_primer_dag.py', '--cfg-path', '/tmp/tmp7i04sc53']
[2024-05-14T03:25:15.933+0000] {standard_task_runner.py:91} INFO - Job 14: Subtask first_task
[2024-05-14T03:25:15.988+0000] {task_command.py:426} INFO - Running <TaskInstance: MI_PRIMER_DAG.first_task manual__2024-05-14T03:25:13.128382+00:00 [running]> on host 33978f229c7f
[2024-05-14T03:25:16.077+0000] {taskinstance.py:2644} INFO - Exporting env vars: AIRFLOW_CTX_DAG_OWNER='***' AIRFLOW_CTX_DAG_ID='MI_PRIMER_DAG' AIRFLOW_CTX_TASK_ID='first_task' AIRFLOW_CTX_EXECUTION_DATE='2024-05-14T03:25:13.128382+00:00' AIRFLOW_CTX_TRY_NUMBER='1' AIRFLOW_CTX_DAG_RUN_ID='manual__2024-05-14T03:25:13.128382+00:00'
[2024-05-14T03:25:16.080+0000] {taskinstance.py:430} INFO - ::endgroup::
[2024-05-14T03:25:16.080+0000] {logging_mixin.py:188} INFO - Ejecutando first_task
[2024-05-14T03:25:16.081+0000] {python.py:237} INFO - Done. Returned value was: None
[2024-05-14T03:25:16.081+0000] {taskinstance.py:441} INFO - ::group::Post task execution logs
[2024-05-14T03:25:16.089+0000] {taskinstance.py:1205} INFO - Marking task as SUCCESS. dag_id=MI_PRIMER_DAG, task_id=first_task, execution_date=20240514T032513, start_date=20240514T032515, end_date=20240514T032516
[2024-05-14T03:25:16.145+0000] {local_task_job_runner.py:240} INFO - Task exited with return code 0
[2024-05-14T03:25:16.195+0000] {taskinstance.py:3482} INFO - 1 downstream tasks scheduled from follow-on schedule check
[2024-05-14T03:25:16.198+0000] {local_task_job_runner.py:222} INFO - ::endgroup::
